Performing C SOURCE FILE Test CMAKE_HAVE_LIBC_PTHREAD failed with the following output:
Change Dir: /home/dishierweidu/Desktop/TUP-InfantryVision-2022-main/build/CMakeFiles/CMakeTmp

Run Build Command(s):/usr/bin/make cmTC_118f1/fast && /usr/bin/make -f CMakeFiles/cmTC_118f1.dir/build.make CMakeFiles/cmTC_118f1.dir/build
make[1]: 进入目录“/home/dishierweidu/Desktop/TUP-InfantryVision-2022-main/build/CMakeFiles/CMakeTmp”
Building C object CMakeFiles/cmTC_118f1.dir/src.c.o
/bin/x86_64-linux-gnu-gcc-9   -DCMAKE_HAVE_LIBC_PTHREAD   -o CMakeFiles/cmTC_118f1.dir/src.c.o   -c /home/dishierweidu/Desktop/TUP-InfantryVision-2022-main/build/CMakeFiles/CMakeTmp/src.c
Linking C executable cmTC_118f1
/usr/bin/cmake -E cmake_link_script CMakeFiles/cmTC_118f1.dir/link.txt --verbose=1
/bin/x86_64-linux-gnu-gcc-9  -DCMAKE_HAVE_LIBC_PTHREAD    CMakeFiles/cmTC_118f1.dir/src.c.o  -o cmTC_118f1 
/usr/bin/ld: CMakeFiles/cmTC_118f1.dir/src.c.o: in function `main':
src.c:(.text+0x46): undefined reference to `pthread_create'
/usr/bin/ld: src.c:(.text+0x52): undefined reference to `pthread_detach'
/usr/bin/ld: src.c:(.text+0x63): undefined reference to `pthread_join'
collect2: error: ld returned 1 exit status
make[1]: *** [CMakeFiles/cmTC_118f1.dir/build.make:87：cmTC_118f1] 错误 1
make[1]: 离开目录“/home/dishierweidu/Desktop/TUP-InfantryVision-2022-main/build/CMakeFiles/CMakeTmp”
make: *** [Makefile:121：cmTC_118f1/fast] 错误 2


Source file was:
#include <pthread.h>

void* test_func(void* data)
{
  return data;
}

int main(void)
{
  pthread_t thread;
  pthread_create(&thread, NULL, test_func, NULL);
  pthread_detach(thread);
  pthread_join(thread, NULL);
  pthread_atfork(NULL, NULL, NULL);
  pthread_exit(NULL);

  return 0;
}

Determining if the function pthread_create exists in the pthreads failed with the following output:
Change Dir: /home/dishierweidu/Desktop/TUP-InfantryVision-2022-main/build/CMakeFiles/CMakeTmp

Run Build Command(s):/usr/bin/make cmTC_bcd27/fast && /usr/bin/make -f CMakeFiles/cmTC_bcd27.dir/build.make CMakeFiles/cmTC_bcd27.dir/build
make[1]: 进入目录“/home/dishierweidu/Desktop/TUP-InfantryVision-2022-main/build/CMakeFiles/CMakeTmp”
Building C object CMakeFiles/cmTC_bcd27.dir/CheckFunctionExists.c.o
/bin/x86_64-linux-gnu-gcc-9   -DCHECK_FUNCTION_EXISTS=pthread_create   -o CMakeFiles/cmTC_bcd27.dir/CheckFunctionExists.c.o   -c /usr/share/cmake-3.16/Modules/CheckFunctionExists.c
Linking C executable cmTC_bcd27
/usr/bin/cmake -E cmake_link_script CMakeFiles/cmTC_bcd27.dir/link.txt --verbose=1
/bin/x86_64-linux-gnu-gcc-9  -DCHECK_FUNCTION_EXISTS=pthread_create    CMakeFiles/cmTC_bcd27.dir/CheckFunctionExists.c.o  -o cmTC_bcd27  -lpthreads 
/usr/bin/ld: 找不到 -lpthreads
collect2: error: ld returned 1 exit status
make[1]: *** [CMakeFiles/cmTC_bcd27.dir/build.make:87：cmTC_bcd27] 错误 1
make[1]: 离开目录“/home/dishierweidu/Desktop/TUP-InfantryVision-2022-main/build/CMakeFiles/CMakeTmp”
make: *** [Makefile:121：cmTC_bcd27/fast] 错误 2



